Build started 9/15/2014 11:50:45 AM.
     1>Project "C:\cs3113-hw\lect3\NYUCodebase\NYUCodebase.vcxproj" on node 2 (Build target(s)).
     1>ClCompile:
         C:\Program Files (x86)\Microsoft Visual Studio 12.0\VC\bin\CL.exe /c /IC:\SDL2\include /IC:\SDL2_image\include /ZI /nologo /W3 /WX- /sdl /Od /Oy- /D _MBCS /Gm /EHsc /RTC1 /MDd /GS /fp:precise /Zc:wchar_t /Zc:forScope /Fo"Debug\\" /Fd"Debug\vc120.pdb" /Gd /TP /analyze- /errorReport:prompt main.cpp
         main.cpp
     1>c:\cs3113-hw\lect3\nyucodebase\main.cpp(27): error C2061: syntax error : identifier 'PI'
     1>c:\cs3113-hw\lect3\nyucodebase\main.cpp(34): error C2065: 'x' : undeclared identifier
     1>c:\cs3113-hw\lect3\nyucodebase\main.cpp(34): error C2065: 'y' : undeclared identifier
     1>c:\cs3113-hw\lect3\nyucodebase\main.cpp(35): error C2065: 'rotation' : undeclared identifier
     1>c:\cs3113-hw\lect3\nyucodebase\main.cpp(69): error C2065: 'PI' : undeclared identifier
     1>c:\cs3113-hw\lect3\nyucodebase\main.cpp(69): error C2146: syntax error : missing ';' before identifier 'lastFrameTicks'
     1>c:\cs3113-hw\lect3\nyucodebase\main.cpp(69): error C2065: 'lastFrameTicks' : undeclared identifier
     1>c:\cs3113-hw\lect3\nyucodebase\main.cpp(70): error C2065: 'PI' : undeclared identifier
     1>c:\cs3113-hw\lect3\nyucodebase\main.cpp(70): error C2146: syntax error : missing ';' before identifier 'faceRotation'
     1>c:\cs3113-hw\lect3\nyucodebase\main.cpp(70): error C2065: 'faceRotation' : undeclared identifier
     1>c:\cs3113-hw\lect3\nyucodebase\main.cpp(72): error C2065: 'PI' : undeclared identifier
     1>c:\cs3113-hw\lect3\nyucodebase\main.cpp(72): error C2146: syntax error : missing ';' before identifier 'posX'
     1>c:\cs3113-hw\lect3\nyucodebase\main.cpp(72): error C2065: 'posX' : undeclared identifier
     1>c:\cs3113-hw\lect3\nyucodebase\main.cpp(73): error C2065: 'PI' : undeclared identifier
     1>c:\cs3113-hw\lect3\nyucodebase\main.cpp(73): error C2146: syntax error : missing ';' before identifier 'posY'
     1>c:\cs3113-hw\lect3\nyucodebase\main.cpp(73): error C2065: 'posY' : undeclared identifier
     1>c:\cs3113-hw\lect3\nyucodebase\main.cpp(83): error C2065: 'faceRotation' : undeclared identifier
     1>c:\cs3113-hw\lect3\nyucodebase\main.cpp(87): error C2065: 'PI' : undeclared identifier
     1>c:\cs3113-hw\lect3\nyucodebase\main.cpp(87): error C2146: syntax error : missing ';' before identifier 'ticks'
     1>c:\cs3113-hw\lect3\nyucodebase\main.cpp(87): error C2065: 'ticks' : undeclared identifier
     1>c:\cs3113-hw\lect3\nyucodebase\main.cpp(87): error C2146: syntax error : missing ';' before identifier 'SDL_GetTicks'
     1>c:\cs3113-hw\lect3\nyucodebase\main.cpp(87): warning C4552: '/' : operator has no effect; expected operator with side-effect
     1>c:\cs3113-hw\lect3\nyucodebase\main.cpp(88): error C2065: 'PI' : undeclared identifier
     1>c:\cs3113-hw\lect3\nyucodebase\main.cpp(88): error C2146: syntax error : missing ';' before identifier 'elapsed'
     1>c:\cs3113-hw\lect3\nyucodebase\main.cpp(88): error C2065: 'elapsed' : undeclared identifier
     1>c:\cs3113-hw\lect3\nyucodebase\main.cpp(88): error C2065: 'ticks' : undeclared identifier
     1>c:\cs3113-hw\lect3\nyucodebase\main.cpp(88): error C2065: 'lastFrameTicks' : undeclared identifier
     1>c:\cs3113-hw\lect3\nyucodebase\main.cpp(89): error C2065: 'lastFrameTicks' : undeclared identifier
     1>c:\cs3113-hw\lect3\nyucodebase\main.cpp(89): error C2065: 'ticks' : undeclared identifier
     1>c:\cs3113-hw\lect3\nyucodebase\main.cpp(95): error C2065: 'faceRotation' : undeclared identifier
     1>c:\cs3113-hw\lect3\nyucodebase\main.cpp(95): error C2065: 'elapsed' : undeclared identifier
     1>c:\cs3113-hw\lect3\nyucodebase\main.cpp(98): error C2065: 'faceRotation' : undeclared identifier
     1>c:\cs3113-hw\lect3\nyucodebase\main.cpp(98): error C2065: 'elapsed' : undeclared identifier
     1>c:\cs3113-hw\lect3\nyucodebase\main.cpp(101): error C2065: 'PI' : undeclared identifier
     1>c:\cs3113-hw\lect3\nyucodebase\main.cpp(101): error C2146: syntax error : missing ';' before identifier 'moveX'
     1>c:\cs3113-hw\lect3\nyucodebase\main.cpp(101): error C2065: 'moveX' : undeclared identifier
     1>c:\cs3113-hw\lect3\nyucodebase\main.cpp(101): error C2065: 'faceRotation' : undeclared identifier
     1>c:\cs3113-hw\lect3\nyucodebase\main.cpp(102): error C2065: 'PI' : undeclared identifier
     1>c:\cs3113-hw\lect3\nyucodebase\main.cpp(102): error C2146: syntax error : missing ';' before identifier 'moveY'
     1>c:\cs3113-hw\lect3\nyucodebase\main.cpp(102): error C2065: 'moveY' : undeclared identifier
     1>c:\cs3113-hw\lect3\nyucodebase\main.cpp(102): error C2065: 'faceRotation' : undeclared identifier
     1>c:\cs3113-hw\lect3\nyucodebase\main.cpp(104): error C2065: 'posX' : undeclared identifier
     1>c:\cs3113-hw\lect3\nyucodebase\main.cpp(104): error C2065: 'moveX' : undeclared identifier
     1>c:\cs3113-hw\lect3\nyucodebase\main.cpp(104): error C2065: 'elapsed' : undeclared identifier
     1>c:\cs3113-hw\lect3\nyucodebase\main.cpp(105): error C2065: 'posY' : undeclared identifier
     1>c:\cs3113-hw\lect3\nyucodebase\main.cpp(105): error C2065: 'moveY' : undeclared identifier
     1>c:\cs3113-hw\lect3\nyucodebase\main.cpp(105): error C2065: 'elapsed' : undeclared identifier
     1>c:\cs3113-hw\lect3\nyucodebase\main.cpp(109): error C2065: 'posX' : undeclared identifier
     1>c:\cs3113-hw\lect3\nyucodebase\main.cpp(109): error C2065: 'posY' : undeclared identifier
     1>c:\cs3113-hw\lect3\nyucodebase\main.cpp(109): error C2065: 'faceRotation' : undeclared identifier
     1>Done Building Project "C:\cs3113-hw\lect3\NYUCodebase\NYUCodebase.vcxproj" (Build target(s)) -- FAILED.

Build FAILED.

Time Elapsed 00:00:00.51
